{"uuid":"404f04c2-5cd3-48aa-a488-aafcea465ec5","historyId":"c13015beeafb66ac94ae6418414ebc1","testCaseId":"b7ed6f5a4705f75a98dfdd10567e4d0c","fullName":"src/test/resources/features/test.feature:23","labels":[{"name":"tag","value":"smoke"},{"name":"tag","value":"regression"},{"name":"host","value":"DESKTOP-8104O1D"},{"name":"thread","value":"38008@DESKTOP-8104O1D.main(1)"},{"name":"feature","value":"Prueba de validación"},{"name":"story","value":"Login exitoso 4"},{"name":"suite","value":"Prueba de validación"},{"name":"testClass","value":"Login exitoso 4"},{"name":"framework","value":"cucumber6jvm"},{"name":"language","value":"java"},{"name":"gherkin_uri","value":"file:///D:/WorkSpaceDemos/frameworkTestCucumber/junitCucumberJava/src/test/resources/features/test.feature"},{"name":"package","value":"src.test.resources.features.test_feature.Prueba de validación"}],"links":[],"name":"Login exitoso 4","status":"broken","statusDetails":{"known":false,"muted":false,"flaky":false,"message":"Expected condition failed: waiting for visibility of element located by By.xpath: //button[data-qa='login-button'] (tried for 10 second(s) with 500 milliseconds interval)\nBuild info: version: '4.22.0', revision: 'c5f3146703*'\nSystem info: os.name: 'Windows 10', os.arch: 'amd64', os.version: '10.0', java.version: '17.0.8'\nDriver info: org.openqa.selenium.chrome.ChromeDriver\nCapabilities {acceptInsecureCerts: false, browserName: chrome, browserVersion: 126.0.6478.183, chrome: {chromedriverVersion: 126.0.6478.182 (5b5d8292ddf..., userDataDir: C:\\Users\\admin\\AppData\\Loca...}, fedcm:accounts: true, goog:chromeOptions: {debuggerAddress: localhost:55221}, networkConnectionEnabled: false, pageLoadStrategy: normal, platformName: windows, proxy: Proxy(), se:cdp: ws://localhost:55221/devtoo..., se:cdpVersion: 126.0.6478.183, setWindowRect: true, strictFileInteractability: false, timeouts: {implicit: 0, pageLoad: 300000, script: 30000}, unhandledPromptBehavior: dismiss and notify, webauthn:extension:credBlob: true, webauthn:extension:largeBlob: true, webauthn:extension:minPinLength: true, webauthn:extension:prf: true, webauthn:virtualAuthenticators: true}\nSession ID: a9b81cae977726db01a1ff9596b63765","trace":"org.openqa.selenium.TimeoutException: Expected condition failed: waiting for visibility of element located by By.xpath: //button[data-qa='login-button'] (tried for 10 second(s) with 500 milliseconds interval)\nBuild info: version: '4.22.0', revision: 'c5f3146703*'\nSystem info: os.name: 'Windows 10', os.arch: 'amd64', os.version: '10.0', java.version: '17.0.8'\nDriver info: org.openqa.selenium.chrome.ChromeDriver\nCapabilities {acceptInsecureCerts: false, browserName: chrome, browserVersion: 126.0.6478.183, chrome: {chromedriverVersion: 126.0.6478.182 (5b5d8292ddf..., userDataDir: C:\\Users\\admin\\AppData\\Loca...}, fedcm:accounts: true, goog:chromeOptions: {debuggerAddress: localhost:55221}, networkConnectionEnabled: false, pageLoadStrategy: normal, platformName: windows, proxy: Proxy(), se:cdp: ws://localhost:55221/devtoo..., se:cdpVersion: 126.0.6478.183, setWindowRect: true, strictFileInteractability: false, timeouts: {implicit: 0, pageLoad: 300000, script: 30000}, unhandledPromptBehavior: dismiss and notify, webauthn:extension:credBlob: true, webauthn:extension:largeBlob: true, webauthn:extension:minPinLength: true, webauthn:extension:prf: true, webauthn:virtualAuthenticators: true}\nSession ID: a9b81cae977726db01a1ff9596b63765\r\n\tat org.openqa.selenium.support.ui.WebDriverWait.timeoutException(WebDriverWait.java:84)\r\n\tat org.openqa.selenium.support.ui.FluentWait.until(FluentWait.java:228)\r\n\tat org.demos.pages.BasePage.find(BasePage.java:26)\r\n\tat org.demos.pages.BasePage.validarElementoIsDisplay(BasePage.java:52)\r\n\tat org.demos.pages.LoginPage.botonPresente(LoginPage.java:17)\r\n\tat org.demos.stepdefinitions.CucumberTest.visualizamos_un_elemento_especifico(CucumberTest.java:49)\r\n\tat ✽.Visualizamos un elemento especifico(file:///D:/WorkSpaceDemos/frameworkTestCucumber/junitCucumberJava/src/test/resources/features/test.feature:26)\r\n"},"stage":"finished","steps":[{"name":"Given Ingresamos a la pagina principal","status":"passed","statusDetails":{"known":false,"muted":false,"flaky":false},"stage":"finished","steps":[],"attachments":[],"parameters":[],"start":1722648352874,"stop":1722648356846},{"name":"And Validamos que nos encontramos en la pagina principal","status":"passed","statusDetails":{"known":false,"muted":false,"flaky":false},"stage":"finished","steps":[],"attachments":[],"parameters":[],"start":1722648356846,"stop":1722648356861},{"name":"When Navegamos a la pagina de login","status":"passed","statusDetails":{"known":false,"muted":false,"flaky":false},"stage":"finished","steps":[],"attachments":[],"parameters":[],"start":1722648356861,"stop":1722648357946},{"name":"Then Validamos que nos encontramos en la pagina de login","status":"passed","statusDetails":{"known":false,"muted":false,"flaky":false},"stage":"finished","steps":[],"attachments":[],"parameters":[],"start":1722648357946,"stop":1722648357956},{"name":"And Visualizamos un elemento especifico","status":"broken","statusDetails":{"known":false,"muted":false,"flaky":false,"message":"Expected condition failed: waiting for visibility of element located by By.xpath: //button[data-qa='login-button'] (tried for 10 second(s) with 500 milliseconds interval)\nBuild info: version: '4.22.0', revision: 'c5f3146703*'\nSystem info: os.name: 'Windows 10', os.arch: 'amd64', os.version: '10.0', java.version: '17.0.8'\nDriver info: org.openqa.selenium.chrome.ChromeDriver\nCapabilities {acceptInsecureCerts: false, browserName: chrome, browserVersion: 126.0.6478.183, chrome: {chromedriverVersion: 126.0.6478.182 (5b5d8292ddf..., userDataDir: C:\\Users\\admin\\AppData\\Loca...}, fedcm:accounts: true, goog:chromeOptions: {debuggerAddress: localhost:55221}, networkConnectionEnabled: false, pageLoadStrategy: normal, platformName: windows, proxy: Proxy(), se:cdp: ws://localhost:55221/devtoo..., se:cdpVersion: 126.0.6478.183, setWindowRect: true, strictFileInteractability: false, timeouts: {implicit: 0, pageLoad: 300000, script: 30000}, unhandledPromptBehavior: dismiss and notify, webauthn:extension:credBlob: true, webauthn:extension:largeBlob: true, webauthn:extension:minPinLength: true, webauthn:extension:prf: true, webauthn:virtualAuthenticators: true}\nSession ID: a9b81cae977726db01a1ff9596b63765","trace":"org.openqa.selenium.TimeoutException: Expected condition failed: waiting for visibility of element located by By.xpath: //button[data-qa='login-button'] (tried for 10 second(s) with 500 milliseconds interval)\nBuild info: version: '4.22.0', revision: 'c5f3146703*'\nSystem info: os.name: 'Windows 10', os.arch: 'amd64', os.version: '10.0', java.version: '17.0.8'\nDriver info: org.openqa.selenium.chrome.ChromeDriver\nCapabilities {acceptInsecureCerts: false, browserName: chrome, browserVersion: 126.0.6478.183, chrome: {chromedriverVersion: 126.0.6478.182 (5b5d8292ddf..., userDataDir: C:\\Users\\admin\\AppData\\Loca...}, fedcm:accounts: true, goog:chromeOptions: {debuggerAddress: localhost:55221}, networkConnectionEnabled: false, pageLoadStrategy: normal, platformName: windows, proxy: Proxy(), se:cdp: ws://localhost:55221/devtoo..., se:cdpVersion: 126.0.6478.183, setWindowRect: true, strictFileInteractability: false, timeouts: {implicit: 0, pageLoad: 300000, script: 30000}, unhandledPromptBehavior: dismiss and notify, webauthn:extension:credBlob: true, webauthn:extension:largeBlob: true, webauthn:extension:minPinLength: true, webauthn:extension:prf: true, webauthn:virtualAuthenticators: true}\nSession ID: a9b81cae977726db01a1ff9596b63765\r\n\tat org.openqa.selenium.support.ui.WebDriverWait.timeoutException(WebDriverWait.java:84)\r\n\tat org.openqa.selenium.support.ui.FluentWait.until(FluentWait.java:228)\r\n\tat org.demos.pages.BasePage.find(BasePage.java:26)\r\n\tat org.demos.pages.BasePage.validarElementoIsDisplay(BasePage.java:52)\r\n\tat org.demos.pages.LoginPage.botonPresente(LoginPage.java:17)\r\n\tat org.demos.stepdefinitions.CucumberTest.visualizamos_un_elemento_especifico(CucumberTest.java:49)\r\n\tat ✽.Visualizamos un elemento especifico(file:///D:/WorkSpaceDemos/frameworkTestCucumber/junitCucumberJava/src/test/resources/features/test.feature:26)\r\n"},"stage":"finished","steps":[],"attachments":[],"parameters":[],"start":1722648357956,"stop":1722648368387}],"attachments":[],"parameters":[],"start":1722648351506,"stop":1722648368819}